<?xml version="1.0" encoding="UTF-8"?>
<!-- Generated by org.testng.reporters.JUnitXMLReporter -->
<testsuite ignored="0" hostname="DESKTOP-MV5PQC7" failures="0" tests="16" name="Test" time="28.35" errors="0" timestamp="2020-10-16T20:23:31 IST">
  <testcase classname="com.testcases.HomePageTest" name="clickLoginButton" time="0.524"/>
  <testcase classname="com.testcases.LogInPageTest" name="loginPageTitleTest" time="0.039"/>
  <testcase classname="com.testcases.LogInPageTest" name="loginTest" time="1.013"/>
  <testcase classname="com.testcases.DealsPageTest" name="validateAccountId" time="0.031"/>
  <testcase classname="com.testcases.DealsPageTest" name="validateclearCart" time="1.319"/>
  <testcase classname="com.testcases.DealsPageTest" name="selectBooks" time="2.754"/>
  <testcase classname="com.testcases.DealsPageTest" name="clickOnAddToCart" time="0.058"/>
  <testcase classname="com.testcases.DealsPageTest" name="clickOnCheckOut" time="1.959"/>
  <testcase classname="com.testcases.CheckOutTest" name="selectBillingAddress" time="0.192"/>
  <testcase classname="com.testcases.CheckOutTest" name="selectShippingAddress" time="0.623"/>
  <testcase classname="com.testcases.CheckOutTest" name="selectShippingMethod" time="0.391"/>
  <testcase classname="com.testcases.CheckOutTest" name="selectPMethod" time="0.354"/>
  <testcase classname="com.testcases.CheckOutTest" name="validatePaymentInfo" time="0.372"/>
  <testcase classname="com.testcases.CheckOutTest" name="confirmOrder" time="0.324"/>
  <testcase classname="com.testcases.CheckOutTest" name="validateOrder" time="1.654"/>
  <testcase classname="com.testcases.CheckOutTest" name="logout" time="0.736"/>
</testsuite> <!-- Test -->
