<?xml version="1.0" encoding="UTF-8"?>
<testng-results ignored="0" total="16" passed="16" failed="0" skipped="0">
  <reporter-output>
  </reporter-output>
  <suite started-at="2020-10-16T20:23:02 IST" name="Suite" finished-at="2020-10-16T20:23:31 IST" duration-ms="28350">
    <groups>
    </groups>
    <test started-at="2020-10-16T20:23:02 IST" name="Test" finished-at="2020-10-16T20:23:31 IST" duration-ms="28350">
      <class name="com.testcases.DealsPageTest">
        <test-method is-config="true" signature="setUp()[pri:0, instance:com.testcases.DealsPageTest@10e41621]" started-at="2020-10-16T20:23:20 IST" name="setUp" finished-at="2020-10-16T20:23:20 IST" duration-ms="6" status="PASS">
          <reporter-output>
          </reporter-output>
        </test-method> <!-- setUp -->
        <test-method signature="validateAccountId()[pri:1, instance:com.testcases.DealsPageTest@10e41621]" started-at="2020-10-16T20:23:20 IST" name="validateAccountId" finished-at="2020-10-16T20:23:20 IST" duration-ms="31" status="PASS">
          <reporter-output>
          </reporter-output>
        </test-method> <!-- validateAccountId -->
        <test-method is-config="true" signature="setUp()[pri:0, instance:com.testcases.DealsPageTest@10e41621]" started-at="2020-10-16T20:23:20 IST" name="setUp" finished-at="2020-10-16T20:23:20 IST" duration-ms="1" status="PASS">
          <reporter-output>
          </reporter-output>
        </test-method> <!-- setUp -->
        <test-method signature="validateclearCart()[pri:2, instance:com.testcases.DealsPageTest@10e41621]" started-at="2020-10-16T20:23:20 IST" name="validateclearCart" finished-at="2020-10-16T20:23:21 IST" duration-ms="1319" status="PASS">
          <reporter-output>
          </reporter-output>
        </test-method> <!-- validateclearCart -->
        <test-method is-config="true" signature="setUp()[pri:0, instance:com.testcases.DealsPageTest@10e41621]" started-at="2020-10-16T20:23:21 IST" name="setUp" finished-at="2020-10-16T20:23:21 IST" duration-ms="1" status="PASS">
          <reporter-output>
          </reporter-output>
        </test-method> <!-- setUp -->
        <test-method signature="selectBooks()[pri:3, instance:com.testcases.DealsPageTest@10e41621]" started-at="2020-10-16T20:23:21 IST" name="selectBooks" finished-at="2020-10-16T20:23:24 IST" duration-ms="2754" status="PASS">
          <reporter-output>
          </reporter-output>
        </test-method> <!-- selectBooks -->
        <test-method is-config="true" signature="setUp()[pri:0, instance:com.testcases.DealsPageTest@10e41621]" started-at="2020-10-16T20:23:24 IST" name="setUp" finished-at="2020-10-16T20:23:24 IST" duration-ms="1" status="PASS">
          <reporter-output>
          </reporter-output>
        </test-method> <!-- setUp -->
        <test-method signature="clickOnAddToCart()[pri:4, instance:com.testcases.DealsPageTest@10e41621]" started-at="2020-10-16T20:23:24 IST" name="clickOnAddToCart" finished-at="2020-10-16T20:23:24 IST" duration-ms="58" status="PASS">
          <reporter-output>
          </reporter-output>
        </test-method> <!-- clickOnAddToCart -->
        <test-method is-config="true" signature="setUp()[pri:0, instance:com.testcases.DealsPageTest@10e41621]" started-at="2020-10-16T20:23:24 IST" name="setUp" finished-at="2020-10-16T20:23:24 IST" duration-ms="1" status="PASS">
          <reporter-output>
          </reporter-output>
        </test-method> <!-- setUp -->
        <test-method signature="clickOnCheckOut()[pri:5, instance:com.testcases.DealsPageTest@10e41621]" started-at="2020-10-16T20:23:24 IST" name="clickOnCheckOut" finished-at="2020-10-16T20:23:26 IST" duration-ms="1959" status="PASS">
          <reporter-output>
          </reporter-output>
        </test-method> <!-- clickOnCheckOut -->
      </class> <!-- com.testcases.DealsPageTest -->
      <class name="com.testcases.LogInPageTest">
        <test-method is-config="true" signature="setUp()[pri:0, instance:com.testcases.LogInPageTest@19bb07ed]" started-at="2020-10-16T20:23:19 IST" name="setUp" finished-at="2020-10-16T20:23:19 IST" duration-ms="1" status="PASS">
          <reporter-output>
          </reporter-output>
        </test-method> <!-- setUp -->
        <test-method signature="loginPageTitleTest()[pri:1, instance:com.testcases.LogInPageTest@19bb07ed]" started-at="2020-10-16T20:23:19 IST" name="loginPageTitleTest" finished-at="2020-10-16T20:23:19 IST" duration-ms="39" status="PASS">
          <reporter-output>
          </reporter-output>
        </test-method> <!-- loginPageTitleTest -->
        <test-method is-config="true" signature="setUp()[pri:0, instance:com.testcases.LogInPageTest@19bb07ed]" started-at="2020-10-16T20:23:19 IST" name="setUp" finished-at="2020-10-16T20:23:19 IST" duration-ms="1" status="PASS">
          <reporter-output>
          </reporter-output>
        </test-method> <!-- setUp -->
        <test-method signature="loginTest()[pri:2, instance:com.testcases.LogInPageTest@19bb07ed]" started-at="2020-10-16T20:23:19 IST" name="loginTest" finished-at="2020-10-16T20:23:20 IST" duration-ms="1013" status="PASS">
          <reporter-output>
          </reporter-output>
        </test-method> <!-- loginTest -->
      </class> <!-- com.testcases.LogInPageTest -->
      <class name="com.testcases.HomePageTest">
        <test-method is-config="true" signature="setUp()[pri:0, instance:com.testcases.HomePageTest@4b0b0854]" started-at="2020-10-16T20:23:02 IST" name="setUp" finished-at="2020-10-16T20:23:18 IST" duration-ms="15930" status="PASS">
          <reporter-output>
          </reporter-output>
        </test-method> <!-- setUp -->
        <test-method signature="clickLoginButton()[pri:0, instance:com.testcases.HomePageTest@4b0b0854]" started-at="2020-10-16T20:23:18 IST" name="clickLoginButton" finished-at="2020-10-16T20:23:19 IST" duration-ms="524" status="PASS">
          <reporter-output>
          </reporter-output>
        </test-method> <!-- clickLoginButton -->
      </class> <!-- com.testcases.HomePageTest -->
      <class name="com.testcases.CheckOutTest">
        <test-method is-config="true" signature="setUp()[pri:0, instance:com.testcases.CheckOutTest@353d0772]" started-at="2020-10-16T20:23:26 IST" name="setUp" finished-at="2020-10-16T20:23:26 IST" duration-ms="3" status="PASS">
          <reporter-output>
          </reporter-output>
        </test-method> <!-- setUp -->
        <test-method signature="selectBillingAddress()[pri:1, instance:com.testcases.CheckOutTest@353d0772]" started-at="2020-10-16T20:23:26 IST" name="selectBillingAddress" finished-at="2020-10-16T20:23:26 IST" duration-ms="192" status="PASS">
          <reporter-output>
          </reporter-output>
        </test-method> <!-- selectBillingAddress -->
        <test-method is-config="true" signature="setUp()[pri:0, instance:com.testcases.CheckOutTest@353d0772]" started-at="2020-10-16T20:23:26 IST" name="setUp" finished-at="2020-10-16T20:23:26 IST" duration-ms="3" status="PASS">
          <reporter-output>
          </reporter-output>
        </test-method> <!-- setUp -->
        <test-method signature="selectShippingAddress()[pri:2, instance:com.testcases.CheckOutTest@353d0772]" started-at="2020-10-16T20:23:26 IST" name="selectShippingAddress" finished-at="2020-10-16T20:23:27 IST" duration-ms="623" status="PASS">
          <reporter-output>
          </reporter-output>
        </test-method> <!-- selectShippingAddress -->
        <test-method signature="selectShippingMethod()[pri:3, instance:com.testcases.CheckOutTest@353d0772]" started-at="2020-10-16T20:23:27 IST" name="selectShippingMethod" finished-at="2020-10-16T20:23:27 IST" duration-ms="391" status="PASS">
          <reporter-output>
          </reporter-output>
        </test-method> <!-- selectShippingMethod -->
        <test-method is-config="true" signature="setUp()[pri:0, instance:com.testcases.CheckOutTest@353d0772]" started-at="2020-10-16T20:23:27 IST" name="setUp" finished-at="2020-10-16T20:23:27 IST" duration-ms="0" status="PASS">
          <reporter-output>
          </reporter-output>
        </test-method> <!-- setUp -->
        <test-method is-config="true" signature="setUp()[pri:0, instance:com.testcases.CheckOutTest@353d0772]" started-at="2020-10-16T20:23:27 IST" name="setUp" finished-at="2020-10-16T20:23:27 IST" duration-ms="0" status="PASS">
          <reporter-output>
          </reporter-output>
        </test-method> <!-- setUp -->
        <test-method signature="selectPMethod()[pri:4, instance:com.testcases.CheckOutTest@353d0772]" started-at="2020-10-16T20:23:27 IST" name="selectPMethod" finished-at="2020-10-16T20:23:28 IST" duration-ms="354" status="PASS">
          <reporter-output>
          </reporter-output>
        </test-method> <!-- selectPMethod -->
        <test-method is-config="true" signature="setUp()[pri:0, instance:com.testcases.CheckOutTest@353d0772]" started-at="2020-10-16T20:23:28 IST" name="setUp" finished-at="2020-10-16T20:23:28 IST" duration-ms="1" status="PASS">
          <reporter-output>
          </reporter-output>
        </test-method> <!-- setUp -->
        <test-method signature="validatePaymentInfo()[pri:5, instance:com.testcases.CheckOutTest@353d0772]" started-at="2020-10-16T20:23:28 IST" name="validatePaymentInfo" finished-at="2020-10-16T20:23:28 IST" duration-ms="372" status="PASS">
          <reporter-output>
          </reporter-output>
        </test-method> <!-- validatePaymentInfo -->
        <test-method is-config="true" signature="setUp()[pri:0, instance:com.testcases.CheckOutTest@353d0772]" started-at="2020-10-16T20:23:28 IST" name="setUp" finished-at="2020-10-16T20:23:28 IST" duration-ms="0" status="PASS">
          <reporter-output>
          </reporter-output>
        </test-method> <!-- setUp -->
        <test-method signature="confirmOrder()[pri:6, instance:com.testcases.CheckOutTest@353d0772]" started-at="2020-10-16T20:23:28 IST" name="confirmOrder" finished-at="2020-10-16T20:23:28 IST" duration-ms="324" status="PASS">
          <reporter-output>
          </reporter-output>
        </test-method> <!-- confirmOrder -->
        <test-method signature="validateOrder()[pri:7, instance:com.testcases.CheckOutTest@353d0772]" started-at="2020-10-16T20:23:28 IST" name="validateOrder" finished-at="2020-10-16T20:23:30 IST" duration-ms="1654" status="PASS">
          <reporter-output>
          </reporter-output>
        </test-method> <!-- validateOrder -->
        <test-method is-config="true" signature="setUp()[pri:0, instance:com.testcases.CheckOutTest@353d0772]" started-at="2020-10-16T20:23:28 IST" name="setUp" finished-at="2020-10-16T20:23:28 IST" duration-ms="0" status="PASS">
          <reporter-output>
          </reporter-output>
        </test-method> <!-- setUp -->
        <test-method signature="logout()[pri:8, instance:com.testcases.CheckOutTest@353d0772]" started-at="2020-10-16T20:23:30 IST" name="logout" finished-at="2020-10-16T20:23:31 IST" duration-ms="736" status="PASS">
          <reporter-output>
          </reporter-output>
        </test-method> <!-- logout -->
        <test-method is-config="true" signature="setUp()[pri:0, instance:com.testcases.CheckOutTest@353d0772]" started-at="2020-10-16T20:23:30 IST" name="setUp" finished-at="2020-10-16T20:23:30 IST" duration-ms="0" status="PASS">
          <reporter-output>
          </reporter-output>
        </test-method> <!-- setUp -->
      </class> <!-- com.testcases.CheckOutTest -->
    </test> <!-- Test -->
  </suite> <!-- Suite -->
</testng-results>
